<?xml version="1.0" encoding="UTF-8"?>
<!-- Generated by org.testng.reporters.JUnitReportReporter -->
<testsuite skipped="0" hostname="WIN-8KGMS7L6H18" name="testCase.LoginCase" tests="2" failures="0" timestamp="02 三月 2020 12:25:46 GMT" time="19.819" errors="0">
  <testcase name="getLoginHome" time="14.695" classname="testCase.LoginCase"/>
  <testcase name="testLogin" time="5.124" classname="testCase.LoginCase"/>
</testsuite> <!-- testCase.LoginCase -->
